{
    "states": [
        "A",
        "B",
        "C",
        "D",
        "E"
    ],
    "symbols": [
        "0",
        "1"
    ],
    "init_state": "A",
    "final_states": [
        "B",
        "C"
    ],
    "transitions": {
        "A": {
            "B": [
                "0",
                "1"
            ],
            "C": [
                "1"
            ]
        },
        "B": {
            "D": [
                "1"
            ]
        },
        "C": {
            "E": [
                "1"
            ]
        },
        "D": {
            "B": [
                "0"
            ],
            "C": [
                "1"
            ]
        },
        "E": {
            "C": [
                "0"
            ]
        }
    }
}