{
    "states": [
        "A",
        "B",
        "C"
    ],
    "symbols": [
        "a",
        "b",
        "c",
        "d"
    ],
    "init_state": "A",
    "final_states": [
        "B",
        "C"
    ],
    "transitions": {
        "A": {
            "B": [
                "0",
                "1",
                "a"
            ],
            "C": [
                "1"
            ]
        },
        "B": {
            "D": [
                "1"
            ],
            "C": [
                "b"
            ]
        },
        "C": {
            "E": [
                "1"
            ]
        },
        "D": {
            "B": [
                "0"
            ],
            "C": [
                "1"
            ]
        },
        "E": {
            "C": [
                "0"
            ]
        }
    }
}